<?xml version="1.0" encoding="UTF-8"?>
<!-- Generated by org.testng.reporters.JUnitXMLReporter -->
<testsuite ignored="0" hostname="LAPTOP-NS62KLMK" failures="0" tests="2" name="TC_002_CreateRecordPOM" time="100.6" errors="0" timestamp="2023-11-20T23:05:13 IST">
  <testcase classname="com.automation.testscripts.TC_002_CreateRecordPOM" name="createRecord" time="51.979"/>
  <testcase classname="com.automation.testscripts.TC_002_CreateRecordPOM" name="createRecord" time="28.866"/>
</testsuite> <!-- TC_002_CreateRecordPOM -->
