<?xml version="1.0" encoding="UTF-8"?>
<!-- Generated by org.testng.reporters.JUnitXMLReporter -->
<testsuite ignored="0" hostname="LAPTOP-NS62KLMK" failures="0" tests="2" name="TC_001_CreateRecord" time="66.92" errors="0" timestamp="2023-11-20T17:21:42 IST">
  <testcase classname="com.automation.testscripts.TC_001_CreateRecord" name="createRecord" time="30.773"/>
  <testcase classname="com.automation.testscripts.TC_001_CreateRecord" name="createRecord" time="26.69"/>
</testsuite> <!-- TC_001_CreateRecord -->
