<?xml version="1.0" encoding="UTF-8"?>
<testng-results ignored="0" total="2" passed="2" failed="0" skipped="0">
  <reporter-output>
    <line>
      <![CDATA[100JGA]]>
    </line>
    <line>
      <![CDATA[100JH8]]>
    </line>
  </reporter-output>
  <suite started-at="2023-12-08T15:25:13 IST" name="Default suite" finished-at="2023-12-08T15:26:25 IST" duration-ms="72597">
    <groups>
    </groups>
    <test started-at="2023-12-08T15:25:13 IST" name="Default test" finished-at="2023-12-08T15:26:25 IST" duration-ms="72597">
      <class name="com.automation.testscripts.TC_001_CreateRecord">
        <test-method is-config="true" signature="openBrowser(java.lang.String)[pri:0, instance:com.automation.testscripts.TC_001_CreateRecord@19e4653c]" started-at="2023-12-08T15:25:13 IST" name="openBrowser" finished-at="2023-12-08T15:25:19 IST" duration-ms="6339" status="PASS">
          <params>
            <param index="0">
              <value>
                <![CDATA[chrome]]>
              </value>
            </param>
          </params>
          <reporter-output>
          </reporter-output>
        </test-method> <!-- openBrowser -->
        <test-method signature="createRecord(java.lang.String,java.lang.String,java.lang.String,java.lang.String,java.lang.String,java.lang.String,java.lang.String,java.lang.String,java.lang.String)[pri:0, instance:com.automation.testscripts.TC_001_CreateRecord@19e4653c]" started-at="2023-12-08T15:25:20 IST" name="createRecord" data-provider="getTestData" finished-at="2023-12-08T15:25:56 IST" duration-ms="35986" status="PASS">
          <params>
            <param index="0">
              <value>
                <![CDATA[admin]]>
              </value>
            </param>
            <param index="1">
              <value>
                <![CDATA[Admin123]]>
              </value>
            </param>
            <param index="2">
              <value>
                <![CDATA[allen]]>
              </value>
            </param>
            <param index="3">
              <value>
                <![CDATA[glory]]>
              </value>
            </param>
            <param index="4">
              <value>
                <![CDATA[Female]]>
              </value>
            </param>
            <param index="5">
              <value>
                <![CDATA[08]]>
              </value>
            </param>
            <param index="6">
              <value>
                <![CDATA[May]]>
              </value>
            </param>
            <param index="7">
              <value>
                <![CDATA[1993.0]]>
              </value>
            </param>
            <param index="8">
              <value>
                <![CDATA[Delhi]]>
              </value>
            </param>
          </params>
          <reporter-output>
            <line>
              <![CDATA[100JGA]]>
            </line>
          </reporter-output>
        </test-method> <!-- createRecord -->
        <test-method signature="createRecord(java.lang.String,java.lang.String,java.lang.String,java.lang.String,java.lang.String,java.lang.String,java.lang.String,java.lang.String,java.lang.String)[pri:0, instance:com.automation.testscripts.TC_001_CreateRecord@19e4653c]" started-at="2023-12-08T15:25:56 IST" name="createRecord" data-provider="getTestData" finished-at="2023-12-08T15:26:23 IST" duration-ms="27360" status="PASS">
          <params>
            <param index="0">
              <value>
                <![CDATA[admin]]>
              </value>
            </param>
            <param index="1">
              <value>
                <![CDATA[Admin123]]>
              </value>
            </param>
            <param index="2">
              <value>
                <![CDATA[kiran]]>
              </value>
            </param>
            <param index="3">
              <value>
                <![CDATA[Glen]]>
              </value>
            </param>
            <param index="4">
              <value>
                <![CDATA[Male]]>
              </value>
            </param>
            <param index="5">
              <value>
                <![CDATA[22.0]]>
              </value>
            </param>
            <param index="6">
              <value>
                <![CDATA[March]]>
              </value>
            </param>
            <param index="7">
              <value>
                <![CDATA[1990.0]]>
              </value>
            </param>
            <param index="8">
              <value>
                <![CDATA[Hyderabad]]>
              </value>
            </param>
          </params>
          <reporter-output>
            <line>
              <![CDATA[100JH8]]>
            </line>
          </reporter-output>
        </test-method> <!-- createRecord -->
        <test-method is-config="true" signature="closeBrowser()[pri:0, instance:com.automation.testscripts.TC_001_CreateRecord@19e4653c]" started-at="2023-12-08T15:26:23 IST" name="closeBrowser" finished-at="2023-12-08T15:26:25 IST" duration-ms="2177" status="PASS">
          <reporter-output>
          </reporter-output>
        </test-method> <!-- closeBrowser -->
      </class> <!-- com.automation.testscripts.TC_001_CreateRecord -->
    </test> <!-- Default test -->
  </suite> <!-- Default suite -->
</testng-results>
